  [5/150 pairs] A 7-3 (70.0%), sweeps 2-0, 9.4s/game
  [10/150 pairs] A 12-8 (60.0%), sweeps 3-1, 8.8s/game
  [15/150 pairs] A 16-14 (53.3%), sweeps 3-2, 7.3s/game
  [20/150 pairs] A 21-19 (52.5%), sweeps 3-2, 7.2s/game
  [25/150 pairs] A 26-24 (52.0%), sweeps 3-2, 6.7s/game
  [30/150 pairs] A 31-29 (51.7%), sweeps 3-2, 6.6s/game
  [35/150 pairs] A 37-33 (52.9%), sweeps 4-2, 6.7s/game
  [40/150 pairs] A 43-37 (53.8%), sweeps 5-2, 6.6s/game
  [45/150 pairs] A 49-41 (54.4%), sweeps 6-2, 6.4s/game
  [50/150 pairs] A 54-46 (54.0%), sweeps 6-2, 6.5s/game
  [55/150 pairs] A 56-54 (50.9%), sweeps 6-5, 6.6s/game
  [60/150 pairs] A 62-58 (51.7%), sweeps 7-5, 6.6s/game
  [65/150 pairs] A 67-63 (51.5%), sweeps 7-5, 6.4s/game
  [70/150 pairs] A 71-69 (50.7%), sweeps 7-6, 6.5s/game
  [75/150 pairs] A 76-74 (50.7%), sweeps 7-6, 6.3s/game
  [80/150 pairs] A 81-79 (50.6%), sweeps 8-7, 6.4s/game
  [85/150 pairs] A 87-83 (51.2%), sweeps 10-8, 6.2s/game
  [90/150 pairs] A 94-86 (52.2%), sweeps 13-9, 6.2s/game
  [95/150 pairs] A 98-92 (51.6%), sweeps 13-10, 6.2s/game
  [100/150 pairs] A 103-97 (51.5%), sweeps 14-11, 6.1s/game
  [105/150 pairs] A 106-104 (50.5%), sweeps 14-13, 6.2s/game
  [110/150 pairs] A 110-110 (50.0%), sweeps 14-14, 6.2s/game
  [115/150 pairs] A 114-116 (49.6%), sweeps 14-15, 6.2s/game
  [120/150 pairs] A 120-120 (50.0%), sweeps 15-15, 6.2s/game
  [125/150 pairs] A 126-124 (50.4%), sweeps 17-16, 6.2s/game
  [130/150 pairs] A 132-128 (50.8%), sweeps 18-16, 6.1s/game
  [135/150 pairs] A 136-134 (50.4%), sweeps 18-17, 6.2s/game
  [140/150 pairs] A 141-139 (50.4%), sweeps 18-17, 6.2s/game
  [145/150 pairs] A 147-143 (50.7%), sweeps 19-17, 6.1s/game
  [150/150 pairs] A 153-147 (51.0%), sweeps 20-17, 6.0s/game
gen13.pt+search24(play,w2,t3,i0,b0,B:best_duel.pt@0.5,p2) vs gen13.pt+search24(play,w2,t3,i0,b0,B:best_duel.pt@0.5) — 150 deal-pairs (300 games, duplicate decks, seats swapped):
  gen13.pt+search24(play,w2,t3,i0,b0,B:best_duel.pt@0.5,p2): 51.0% wins (avg diff +5.3)
  pairs swept: gen13.pt+search24(play,w2,t3,i0,b0,B:best_duel.pt@0.5,p2) 20, gen13.pt+search24(play,w2,t3,i0,b0,B:best_duel.pt@0.5) 17, split 113
  gen13.pt+search24(play,w2,t3,i0,b0,B:best_duel.pt@0.5,p2) auctions: won 1762 contracts, made 66% at avg bid 101.4
  gen13.pt+search24(play,w2,t3,i0,b0,B:best_duel.pt@0.5) auctions: won 1734 contracts, made 66% at avg bid 101.3
