  game 1/30 done
  game 2/30 done
  game 3/30 done
  game 4/30 done
  game 5/30 done
  game 6/30 done
  game 7/30 done
  game 8/30 done
  game 9/30 done
  game 10/30 done
  game 11/30 done
  game 12/30 done
  game 13/30 done
  game 14/30 done
  game 15/30 done
  game 16/30 done
  game 17/30 done
  game 18/30 done
  game 19/30 done
  game 20/30 done
  game 21/30 done
  game 22/30 done
  game 23/30 done
  game 24/30 done
  game 25/30 done
  game 26/30 done
  game 27/30 done
  game 28/30 done
  game 29/30 done
  game 30/30 done

World placement accuracy (30 games, 8 worlds/method/decision, temp 1):
 bucket      n   uniform    belief    oracle    lift
    bid   1858     27.0%     27.2%     31.4%   +0.2%
  widow   1910     33.3%     33.3%     33.8%   +0.0%
     t1   1300     28.8%     33.6%     40.3%   +4.8%
     t2   1201     29.5%     34.4%     40.9%   +4.9%
     t3   1229     30.2%     35.9%     43.8%   +5.7%
     t4   1253     30.9%     37.9%     46.5%   +7.0%
     t5   1267     31.8%     40.1%     49.2%   +8.3%
     t6   1257     33.3%     42.7%     51.6%   +9.4%
     t7   1305     35.6%     46.7%     56.5%  +11.1%
     t8   1308     41.6%     53.4%     64.0%  +11.8%
    ALL  13888     32.1%     37.9%     44.7%   +5.8%
